[
        {
          "Plan": {
            "Node Type": "Limit",
            "Parallel Aware": false,
            "Async Capable": false,
            "Startup Cost": 34.74,
            "Total Cost": 34.76,
            "Plan Rows": 5,
            "Plan Width": 44,
            "Actual Startup Time": 2.221,
            "Actual Total Time": 2.223,
            "Actual Rows": 5,
            "Actual Loops": 1,
            "Plans": [
              {
                "Node Type": "Sort",
                "Parent Relationship": "Outer",
                "Parallel Aware": false,
                "Async Capable": false,
                "Startup Cost": 34.74,
                "Total Cost": 36.87,
                "Plan Rows": 850,
                "Plan Width": 44,
                "Actual Startup Time": 2.22,
                "Actual Total Time": 2.22,
                "Actual Rows": 5,
                "Actual Loops": 1,
                "Sort Key": [
                  "((embedding <#> '[0.037330303,0.051161833,-0.00030604313,0.06020984,-0.11749438,-0.014230064,0.10577621,0.026786234,0.026337791,-0.025700813,-0.023490414,-0.059555244,-0.030213896,0.016320284,-0.029070191,-0.021689815,-0.06624993,0.0018566642,-0.024006255,-0.028462583,-0.046631657,0.049704764,0.0030829732,0.001762689,-0.067757525,0.07610164,-0.04532998,-0.036434546,-0.01879476,-0.059158318,-0.066074364,-0.00032666075,-0.00892037,0.053416226,-0.054701697,-0.051204458,-0.009808585,0.0011381508,0.056400735,0.061782196,-0.035021853,-0.08470245,-0.027238669,-0.019216102,-0.030141084,0.0042646234,0.029739914,-0.06179833,0.044953372,-0.0039231596,-0.0646451,0.02069352,-0.036890857,-0.0050589885,-0.01631751,0.00016433587,0.05130372,-0.018979758,-0.025225367,-0.029659677,0.0046123583,0.010547,-0.0001255378,0.07811744,0.0254771,-3.291752e-06,0.00027557454,0.009694873,0.04977679,-0.0111800525,0.012095788,0.038681094,-0.02936655,-0.00028452603,0.019265026,-0.032986045,0.13171624,-0.007330455,0.10367874,0.015774705,-0.006975141,0.028203059,-0.026833843,0.037203677,0.04000024,0.06586149,-0.0017605117,0.01639666,-0.06748659,0.020654151,0.017164413,-0.010133189,0.06467213,0.014943412,-0.11084953,0.031181574,-0.0077263084,-0.07746337,-0.042071767,0.23520732,0.025494032,0.025855444,-0.04416588,0.056878753,0.0043235947,-0.015330141,0.011216311,0.0017130285,0.006893898,0.014921029,-0.0020003724,-0.04708621,-0.05938083,0.0545829,0.03664477,0.02119632,-0.022666316,-0.03338555,0.088961914,-0.018063027,0.037527,-0.009956751,-0.04760895,-0.011006996,-0.052097596,-0.08540461,-0.047713563,-4.5456477e-33,-0.0048441924,-0.09760896,0.0147301955,-0.026084013,0.049128458,0.05850323,0.002891155,0.029065132,-0.0884265,0.016123122,-0.08860385,0.012519493,-0.07366232,-0.012363108,0.032944143,-0.0097755175,-0.013371265,0.022750773,-0.034357164,0.016970322,-0.013031278,0.0784592,0.07198299,0.07821454,-0.0048031313,-0.08423844,-0.031508982,-0.086084135,-0.016402856,0.01064935,0.052741133,-0.009831107,0.06377491,-0.0038865868,-0.09037603,-0.12911858,-0.019389292,-0.047149364,0.017238708,0.024575952,0.04931349,0.015245946,0.052764162,0.021206561,0.007927135,0.006518113,0.03986275,0.084649935,-0.06809556,0.058129996,0.08200762,-0.025385477,-0.016495414,-0.02540753,-0.020502182,-0.010569358,-0.012290254,-0.064750396,-0.0017495805,0.10200167,0.022064941,0.0765802,0.09286632,0.027811082,0.06639959,-0.09011604,0.058812574,-0.010556119,0.10835208,0.045151625,-0.094676346,-0.0039751735,0.055599317,-0.07512981,0.042563003,-0.041622706,-0.031646863,0.022920055,-0.078813806,0.02434288,-0.0004665072,-0.002079077,0.064020194,0.0467259,-0.051049788,0.08571242,-0.0039418368,-0.08086047,-0.0012965299,0.09354419,-0.081065275,0.059140094,0.04921578,-0.07231655,0.05887308,3.782486e-33,0.012545894,-0.044461433,-0.024489775,0.041013602,-0.08004334,0.05482993,0.03494764,-0.01904025,-0.026668217,0.09057903,-0.0408765,0.060509335,0.12900975,0.012991108,0.038030773,0.033009764,-0.014435152,-0.039801314,0.032570105,0.011381721,-0.0734298,-0.0104335025,-0.0707149,0.031860013,0.01751102,-0.0067561343,0.025242213,0.001183792,0.032667477,-0.15093407,0.03117882,-0.059040256,-0.014013658,-0.033383664,0.008506797,0.12548147,-0.016623417,-0.02540574,-0.023232326,-0.005709389,0.029030973,0.044740267,-0.0150736915,0.07225785,-0.051897265,-0.020704774,-0.03925092,0.0036010456,0.040269144,0.017428312,-0.0817026,-0.064249545,-0.00086165144,-0.03882844,0.02205191,0.019644987,-0.042081445,-0.021611372,-0.0049304077,0.027349683,0.026824526,0.046877705,-0.00921025,0.051764663,-0.064906366,-0.026962928,-0.020811556,-0.07466707,-0.0031141695,-0.050411504,0.13004556,0.047141477,-0.08545421,-0.004047973,-0.061450012,0.03889451,0.0051429705,0.047069572,-0.029663986,-0.057756774,-0.0038474929,-0.042525344,-0.013100908,0.035363063,-0.035013463,-0.06737855,0.051769454,0.06665314,-0.0029960582,0.023673669,0.033628594,0.010094559,0.0015439951,-0.06326895,-0.008082379,-1.3356751e-08,-0.03938537,-0.046055656,-0.08799877,0.010793737,0.07671904,0.04681685,-0.024283038,-0.08208194,-0.025601855,-0.01060895,0.05409188,-0.03235782,0.034818698,0.043244295,0.07993128,0.02387353,-0.02914347,0.0012296931,0.025209716,0.11311157,-0.07022914,0.035289537,-0.086768866,0.03237239,-0.037393652,-0.021842252,0.0009298283,0.10743868,0.0073655588,-0.017453944,-0.0014842581,0.018017087,-0.037510794,-0.07899512,0.011136572,-0.03322901,0.027380316,-0.076401904,0.0758481,-0.01616731,0.030557798,0.05776345,0.08141148,-0.07302465,-0.11145444,0.00028307227,0.029737078,-0.08533913,0.015011417,0.0074541075,0.0013213499,0.06907471,0.04601543,0.06226345,0.002010916,0.015723078,-0.004215567,-0.015644217,-0.03716272,0.053079624,0.15966249,0.061269216,0.060814653,0.04928035]'::vector))"
                ],
                "Sort Method": "quicksort",
                "Sort Space Used": 25,
                "Sort Space Type": "Memory",
                "Plans": [
                  {
                    "Node Type": "Seq Scan",
                    "Parent Relationship": "Outer",
                    "Parallel Aware": false,
                    "Async Capable": false,
                    "Relation Name": "items",
                    "Alias": "items",
                    "Startup Cost": 0,
                    "Total Cost": 20.62,
                    "Plan Rows": 850,
                    "Plan Width": 44,
                    "Actual Startup Time": 1.05,
                    "Actual Total Time": 2.191,
                    "Actual Rows": 6,
                    "Actual Loops": 1
                  }
                ]
              }
            ]
          },
          "Planning Time": 1.347,
          "Triggers": [],
          "Execution Time": 2.303
        }
      ]
 